#
# There is insufficient memory for the Java Runtime Environment to continue.
# Native memory allocation (malloc) failed to allocate 1717776 bytes for Chunk::new
# Possible reasons:
#   The system is out of physical RAM or swap space
#   The process is running with CompressedOops enabled, and the Java Heap may be blocking the growth of the native heap
# Possible solutions:
#   Reduce memory load on the system
#   Increase physical memory or swap space
#   Check if swap backing store is full
#   Decrease Java heap size (-Xmx/-Xms)
#   Decrease number of Java threads
#   Decrease Java thread stack sizes (-Xss)
#   Set larger code cache with -XX:ReservedCodeCacheSize=
#   JVM is running with Unscaled Compressed Oops mode in which the Java heap is
#     placed in the first 4GB address space. The Java Heap base address is the
#     maximum limit for the native heap growth. Please use -XX:HeapBaseMinAddress
#     to set the Java Heap base and to place the Java Heap above 4GB virtual address.
# This output file may be truncated or incomplete.
#
#  Out of Memory Error (arena.cpp:191), pid=11904, tid=14592
#
# JRE version: OpenJDK Runtime Environment (17.0.10) (build 17.0.10+0--11572160)
# Java VM: OpenJDK 64-Bit Server VM (17.0.10+0--11572160, mixed mode, tiered, compressed oops, compressed class ptrs, g1 gc, windows-amd64)
# No core dump will be written. Minidumps are not enabled by default on client versions of Windows
#

---------------  S U M M A R Y ------------

Command Line: --add-opens=java.base/java.util=ALL-UNNAMED --add-opens=java.base/java.lang=ALL-UNNAMED --add-opens=java.base/java.lang.invoke=ALL-UNNAMED --add-opens=java.prefs/java.util.prefs=ALL-UNNAMED --add-opens=java.base/java.nio.charset=ALL-UNNAMED --add-opens=java.base/java.net=ALL-UNNAMED --add-opens=java.base/java.util.concurrent.atomic=ALL-UNNAMED -Xmx2048m -Dfile.encoding=UTF-8 -Duser.country=US -Duser.language=en -Duser.variant org.gradle.launcher.daemon.bootstrap.GradleDaemon 7.6.1

Host: Intel(R) Core(TM) i5-8400 CPU @ 2.80GHz, 6 cores, 7G,  Windows 10 , 64 bit Build 21996 (10.0.21996.1)
Time: Thu Aug 15 15:31:19 2024 Nepal Standard Time elapsed time: 5.143186 seconds (0d 0h 0m 5s)

---------------  T H R E A D  ---------------

Current thread (0x0000016f680ee1a0):  JavaThread "C2 CompilerThread0" daemon [_thread_in_native, id=14592, stack(0x0000000588200000,0x0000000588300000)]


Current CompileTask:
C2:   5143 3420   !   4       java.lang.ClassLoader::loadClass (121 bytes)

Stack: [0x0000000588200000,0x0000000588300000]
Native frames: (J=compiled Java code, j=interpreted, Vv=VM code, C=native code)
V  [jvm.dll+0x688e89]
V  [jvm.dll+0x84247a]
V  [jvm.dll+0x8440be]
V  [jvm.dll+0x844723]
V  [jvm.dll+0x24be0f]
V  [jvm.dll+0xac524]
V  [jvm.dll+0xacb6c]
V  [jvm.dll+0x36bd12]
V  [jvm.dll+0x1be002]
V  [jvm.dll+0x21dbf9]
V  [jvm.dll+0x21cec1]
V  [jvm.dll+0x1a60ad]
V  [jvm.dll+0x22cd78]
V  [jvm.dll+0x22aeb0]
V  [jvm.dll+0x7f6917]
V  [jvm.dll+0x7f0d1a]
V  [jvm.dll+0x687d05]
C  [ucrtbase.dll+0x26c0c]
C  [KERNEL32.DLL+0x154e0]
C  [ntdll.dll+0x485b]


---------------  P R O C E S S  ---------------

Threads class SMR info:
_java_thread_list=0x0000016f6fbc16d0, length=39, elements={
0x0000016f4c598b00, 0x0000016f67f56230, 0x0000016f67f56fc0, 0x0000016f680ea7b0,
0x0000016f680eb340, 0x0000016f680ecc20, 0x0000016f680ed4f0, 0x0000016f680ee1a0,
0x0000016f680eeb60, 0x0000016f680f2970, 0x0000016f68293b70, 0x0000016f68297b00,
0x0000016f6d96e830, 0x0000016f6e0e9a90, 0x0000016f6d85b690, 0x0000016f6d859320,
0x0000016f6d859d40, 0x0000016f6d85b180, 0x0000016f6d85a760, 0x0000016f6d85a250,
0x0000016f6d85ac70, 0x0000016f6d859830, 0x0000016f6d85c0b0, 0x0000016f6d85c5c0,
0x0000016f6d85cad0, 0x0000016f6e7d5480, 0x0000016f6e7d0380, 0x0000016f6e7d2c00,
0x0000016f6e7d3110, 0x0000016f6e7d5ea0, 0x0000016f6e7d5990, 0x0000016f6e7d3b30,
0x0000016f6e7d4040, 0x0000016f6e7d4a60, 0x0000016f6e7d17c0, 0x0000016f6e7d26f0,
0x0000016f6e7d4550, 0x0000016f6e7cfe70, 0x0000016f6e7d0890
}

Java Threads: ( => current thread )
  0x0000016f4c598b00 JavaThread "main" [_thread_blocked, id=14972, stack(0x0000000587500000,0x0000000587600000)]
  0x0000016f67f56230 JavaThread "Reference Handler" daemon [_thread_blocked, id=10396, stack(0x0000000587c00000,0x0000000587d00000)]
  0x0000016f67f56fc0 JavaThread "Finalizer" daemon [_thread_blocked, id=13544, stack(0x0000000587d00000,0x0000000587e00000)]
  0x0000016f680ea7b0 JavaThread "Signal Dispatcher" daemon [_thread_blocked, id=7840, stack(0x0000000587e00000,0x0000000587f00000)]
  0x0000016f680eb340 JavaThread "Attach Listener" daemon [_thread_blocked, id=13680, stack(0x0000000587f00000,0x0000000588000000)]
  0x0000016f680ecc20 JavaThread "Service Thread" daemon [_thread_blocked, id=9868, stack(0x0000000588000000,0x0000000588100000)]
  0x0000016f680ed4f0 JavaThread "Monitor Deflation Thread" daemon [_thread_blocked, id=14340, stack(0x0000000588100000,0x0000000588200000)]
=>0x0000016f680ee1a0 JavaThread "C2 CompilerThread0" daemon [_thread_in_native, id=14592, stack(0x0000000588200000,0x0000000588300000)]
  0x0000016f680eeb60 JavaThread "C1 CompilerThread0" daemon [_thread_blocked, id=6092, stack(0x0000000588300000,0x0000000588400000)]
  0x0000016f680f2970 JavaThread "Sweeper thread" daemon [_thread_blocked, id=15616, stack(0x0000000588400000,0x0000000588500000)]
  0x0000016f68293b70 JavaThread "Common-Cleaner" daemon [_thread_blocked, id=8876, stack(0x0000000588500000,0x0000000588600000)]
  0x0000016f68297b00 JavaThread "Notification Thread" daemon [_thread_blocked, id=13548, stack(0x0000000588600000,0x0000000588700000)]
  0x0000016f6d96e830 JavaThread "Daemon health stats" [_thread_blocked, id=6456, stack(0x0000000588c00000,0x0000000588d00000)]
  0x0000016f6e0e9a90 JavaThread "Incoming local TCP Connector on port 53385" [_thread_in_native, id=14560, stack(0x0000000588d00000,0x0000000588e00000)]
  0x0000016f6d85b690 JavaThread "Daemon periodic checks" [_thread_blocked, id=9148, stack(0x0000000588e00000,0x0000000588f00000)]
  0x0000016f6d859320 JavaThread "Daemon" [_thread_blocked, id=4776, stack(0x0000000588f00000,0x0000000589000000)]
  0x0000016f6d859d40 JavaThread "Handler for socket connection from /127.0.0.1:53385 to /127.0.0.1:53386" [_thread_in_native, id=4820, stack(0x0000000589000000,0x0000000589100000)]
  0x0000016f6d85b180 JavaThread "Cancel handler" [_thread_blocked, id=10488, stack(0x0000000589100000,0x0000000589200000)]
  0x0000016f6d85a760 JavaThread "Daemon worker" [_thread_in_Java, id=7016, stack(0x0000000589200000,0x0000000589300000)]
  0x0000016f6d85a250 JavaThread "Asynchronous log dispatcher for DefaultDaemonConnection: socket connection from /127.0.0.1:53385 to /127.0.0.1:53386" [_thread_blocked, id=15644, stack(0x0000000589300000,0x0000000589400000)]
  0x0000016f6d85ac70 JavaThread "Stdin handler" [_thread_blocked, id=10204, stack(0x0000000589400000,0x0000000589500000)]
  0x0000016f6d859830 JavaThread "Daemon client event forwarder" [_thread_blocked, id=4748, stack(0x0000000589500000,0x0000000589600000)]
  0x0000016f6d85c0b0 JavaThread "Cache worker for journal cache (C:\Users\madan\.gradle\caches\journal-1)" [_thread_blocked, id=11988, stack(0x0000000589600000,0x0000000589700000)]
  0x0000016f6d85c5c0 JavaThread "File lock request listener" [_thread_in_native, id=10460, stack(0x0000000589700000,0x0000000589800000)]
  0x0000016f6d85cad0 JavaThread "Cache worker for file hash cache (C:\Users\madan\.gradle\caches\7.6.1\fileHashes)" [_thread_blocked, id=11072, stack(0x0000000589a00000,0x0000000589b00000)]
  0x0000016f6e7d5480 JavaThread "File watcher server" daemon [_thread_in_native, id=6180, stack(0x0000000589b00000,0x0000000589c00000)]
  0x0000016f6e7d0380 JavaThread "File watcher consumer" daemon [_thread_blocked, id=7696, stack(0x0000000589c00000,0x0000000589d00000)]
  0x0000016f6e7d2c00 JavaThread "jar transforms" [_thread_blocked, id=708, stack(0x0000000589d00000,0x0000000589e00000)]
  0x0000016f6e7d3110 JavaThread "jar transforms Thread 2" [_thread_blocked, id=3220, stack(0x0000000589e00000,0x0000000589f00000)]
  0x0000016f6e7d5ea0 JavaThread "jar transforms Thread 3" [_thread_blocked, id=14376, stack(0x0000000589f00000,0x000000058a000000)]
  0x0000016f6e7d5990 JavaThread "jar transforms Thread 4" [_thread_blocked, id=12088, stack(0x000000058a000000,0x000000058a100000)]
  0x0000016f6e7d3b30 JavaThread "jar transforms Thread 5" [_thread_blocked, id=8096, stack(0x000000058a100000,0x000000058a200000)]
  0x0000016f6e7d4040 JavaThread "jar transforms Thread 6" [_thread_blocked, id=8512, stack(0x000000058a200000,0x000000058a300000)]
  0x0000016f6e7d4a60 JavaThread "Cache worker for checksums cache (C:\socialMedia_1\.gradle\7.6.1\checksums)" [_thread_blocked, id=15820, stack(0x000000058a300000,0x000000058a400000)]
  0x0000016f6e7d17c0 JavaThread "Cache worker for cache directory md-rule (C:\Users\madan\.gradle\caches\7.6.1\md-rule)" [_thread_blocked, id=13804, stack(0x000000058a400000,0x000000058a500000)]
  0x0000016f6e7d26f0 JavaThread "Cache worker for file content cache (C:\Users\madan\.gradle\caches\7.6.1\fileContent)" [_thread_blocked, id=5648, stack(0x000000058a500000,0x000000058a600000)]
  0x0000016f6e7d4550 JavaThread "Cache worker for file hash cache (C:\socialMedia_1\.gradle\7.6.1\fileHashes)" [_thread_blocked, id=9716, stack(0x000000058a600000,0x000000058a700000)]
  0x0000016f6e7cfe70 JavaThread "Cache worker for cache directory md-supplier (C:\Users\madan\.gradle\caches\7.6.1\md-supplier)" [_thread_blocked, id=15604, stack(0x000000058a700000,0x000000058a800000)]
  0x0000016f6e7d0890 JavaThread "Cache worker for execution history cache (C:\Users\madan\.gradle\caches\7.6.1\executionHistory)" [_thread_blocked, id=12040, stack(0x000000058a800000,0x000000058a900000)]

Other Threads:
  0x0000016f67f7e2d0 VMThread "VM Thread" [stack: 0x0000000587b00000,0x0000000587c00000] [id=11500]
  0x0000016f68299020 WatcherThread [stack: 0x0000000588700000,0x0000000588800000] [id=1624]
  0x0000016f4c5f22e0 GCTaskThread "GC Thread#0" [stack: 0x0000000587600000,0x0000000587700000] [id=6636]
  0x0000016f68a59df0 GCTaskThread "GC Thread#1" [stack: 0x0000000588800000,0x0000000588900000] [id=8988]
  0x0000016f68d0d2f0 GCTaskThread "GC Thread#2" [stack: 0x0000000588900000,0x0000000588a00000] [id=11240]
  0x0000016f68aa6b40 GCTaskThread "GC Thread#3" [stack: 0x0000000588a00000,0x0000000588b00000] [id=16252]
  0x0000016f6d92c530 GCTaskThread "GC Thread#4" [stack: 0x0000000588b00000,0x0000000588c00000] [id=15112]
  0x0000016f6e076890 GCTaskThread "GC Thread#5" [stack: 0x0000000589800000,0x0000000589900000] [id=10208]
  0x0000016f4c603140 ConcurrentGCThread "G1 Main Marker" [stack: 0x0000000587700000,0x0000000587800000] [id=4144]
  0x0000016f4c603a70 ConcurrentGCThread "G1 Conc#0" [stack: 0x0000000587800000,0x0000000587900000] [id=6508]
  0x0000016f6d860b10 ConcurrentGCThread "G1 Conc#1" [stack: 0x0000000589900000,0x0000000589a00000] [id=6136]
  0x0000016f4c64e740 ConcurrentGCThread "G1 Refine#0" [stack: 0x0000000587900000,0x0000000587a00000] [id=176]
  0x0000016f67dc6240 ConcurrentGCThread "G1 Service" [stack: 0x0000000587a00000,0x0000000587b00000] [id=2648]

Threads with active compile tasks:
C2 CompilerThread0     5176 3420   !   4       java.lang.ClassLoader::loadClass (121 bytes)

VM state: not at safepoint (normal execution)

VM Mutex/Monitor currently owned by a thread:  ([mutex/lock_event])
[0x0000016f4c594c90] MethodCompileQueue_lock - owner thread: 0x0000016f680eeb60

Heap address: 0x0000000080000000, size: 2048 MB, Compressed Oops mode: 32-bit

CDS archive(s) not mapped
Compressed class space mapped at: 0x0000000100000000-0x0000000140000000, reserved size: 1073741824
Narrow klass base: 0x0000000000000000, Narrow klass shift: 3, Narrow klass range: 0x140000000

GC Precious Log:
 CPUs: 6 total, 6 available
 Memory: 8071M
 Large Page Support: Disabled
 NUMA Support: Disabled
 Compressed Oops: Enabled (32-bit)
 Heap Region Size: 1M
 Heap Min Capacity: 8M
 Heap Initial Capacity: 128M
 Heap Max Capacity: 2G
 Pre-touch: Disabled
 Parallel Workers: 6
 Concurrent Workers: 2
 Concurrent Refinement Workers: 6
 Periodic GC: Disabled

Heap:
 garbage-first heap   total 84992K, used 42194K [0x0000000080000000, 0x0000000100000000)
  region size 1024K, 5 young (5120K), 3 survivors (3072K)
 Metaspace       used 42025K, committed 42496K, reserved 1114112K
  class space    used 5778K, committed 6016K, reserved 1048576K

Heap Regions: E=young(eden), S=young(survivor), O=old, HS=humongous(starts), HC=humongous(continues), CS=collection set, F=free, OA=open archive, CA=closed archive, TAMS=top-at-mark-start (previous, next)
|   0|0x0000000080000000, 0x0000000080100000, 0x0000000080100000|100%|HS|  |TAMS 0x0000000080100000, 0x0000000080000000| Complete 
|   1|0x0000000080100000, 0x0000000080200000, 0x0000000080200000|100%|HC|  |TAMS 0x0000000080200000, 0x0000000080100000| Complete 
|   2|0x0000000080200000, 0x0000000080300000, 0x0000000080300000|100%|HC|  |TAMS 0x0000000080300000, 0x0000000080200000| Complete 
|   3|0x0000000080300000, 0x0000000080400000, 0x0000000080400000|100%| O|  |TAMS 0x0000000080400000, 0x0000000080300000| Untracked 
|   4|0x0000000080400000, 0x0000000080500000, 0x0000000080500000|100%| O|  |TAMS 0x0000000080500000, 0x0000000080400000| Untracked 
|   5|0x0000000080500000, 0x0000000080600000, 0x0000000080600000|100%| O|  |TAMS 0x0000000080600000, 0x0000000080500000| Untracked 
|   6|0x0000000080600000, 0x0000000080700000, 0x0000000080700000|100%| O|  |TAMS 0x0000000080700000, 0x0000000080600000| Untracked 
|   7|0x0000000080700000, 0x0000000080800000, 0x0000000080800000|100%| O|  |TAMS 0x0000000080800000, 0x0000000080700000| Untracked 
|   8|0x0000000080800000, 0x0000000080900000, 0x0000000080900000|100%| O|  |TAMS 0x0000000080900000, 0x0000000080800000| Untracked 
|   9|0x0000000080900000, 0x000000008092a800, 0x0000000080a00000| 16%| O|  |TAMS 0x000000008092a800, 0x0000000080900000| Untracked 
|  10|0x0000000080a00000, 0x0000000080b00000, 0x0000000080b00000|100%| O|  |TAMS 0x0000000080b00000, 0x0000000080a00000| Untracked 
|  11|0x0000000080b00000, 0x0000000080c00000, 0x0000000080c00000|100%| O|  |TAMS 0x0000000080c00000, 0x0000000080b00000| Untracked 
|  12|0x0000000080c00000, 0x0000000080d00000, 0x0000000080d00000|100%| O|  |TAMS 0x0000000080d00000, 0x0000000080c00000| Untracked 
|  13|0x0000000080d00000, 0x0000000080e00000, 0x0000000080e00000|100%| O|  |TAMS 0x0000000080e00000, 0x0000000080d00000| Untracked 
|  14|0x0000000080e00000, 0x0000000080f00000, 0x0000000080f00000|100%| O|  |TAMS 0x0000000080f00000, 0x0000000080e00000| Untracked 
|  15|0x0000000080f00000, 0x0000000081000000, 0x0000000081000000|100%| O|  |TAMS 0x0000000081000000, 0x0000000080f00000| Untracked 
|  16|0x0000000081000000, 0x0000000081100000, 0x0000000081100000|100%| O|  |TAMS 0x0000000081100000, 0x0000000081000000| Untracked 
|  17|0x0000000081100000, 0x0000000081200000, 0x0000000081200000|100%| O|  |TAMS 0x0000000081200000, 0x0000000081100000| Untracked 
|  18|0x0000000081200000, 0x0000000081300000, 0x0000000081300000|100%|HS|  |TAMS 0x0000000081300000, 0x0000000081200000| Complete 
|  19|0x0000000081300000, 0x0000000081400000, 0x0000000081400000|100%|HC|  |TAMS 0x0000000081400000, 0x0000000081300000| Complete 
|  20|0x0000000081400000, 0x0000000081500000, 0x0000000081500000|100%|HS|  |TAMS 0x0000000081500000, 0x0000000081400000| Complete 
|  21|0x0000000081500000, 0x0000000081600000, 0x0000000081600000|100%|HC|  |TAMS 0x0000000081600000, 0x0000000081500000| Complete 
|  22|0x0000000081600000, 0x0000000081700000, 0x0000000081700000|100%|HC|  |TAMS 0x0000000081700000, 0x0000000081600000| Complete 
|  23|0x0000000081700000, 0x0000000081800000, 0x0000000081800000|100%| O|  |TAMS 0x0000000081800000, 0x0000000081700000| Untracked 
|  24|0x0000000081800000, 0x0000000081900000, 0x0000000081900000|100%| O|  |TAMS 0x0000000081900000, 0x0000000081800000| Untracked 
|  25|0x0000000081900000, 0x0000000081a00000, 0x0000000081a00000|100%| O|  |TAMS 0x0000000081a00000, 0x0000000081900000| Untracked 
|  26|0x0000000081a00000, 0x0000000081b00000, 0x0000000081b00000|100%| O|  |TAMS 0x0000000081b00000, 0x0000000081a00000| Untracked 
|  27|0x0000000081b00000, 0x0000000081c00000, 0x0000000081c00000|100%|HS|  |TAMS 0x0000000081c00000, 0x0000000081b00000| Complete 
|  28|0x0000000081c00000, 0x0000000081d00000, 0x0000000081d00000|100%|HC|  |TAMS 0x0000000081d00000, 0x0000000081c00000| Complete 
|  29|0x0000000081d00000, 0x0000000081e00000, 0x0000000081e00000|100%|HC|  |TAMS 0x0000000081e00000, 0x0000000081d00000| Complete 
|  30|0x0000000081e00000, 0x0000000081f00000, 0x0000000081f00000|100%|HS|  |TAMS 0x0000000081f00000, 0x0000000081e00000| Complete 
|  31|0x0000000081f00000, 0x0000000082000000, 0x0000000082000000|100%|HC|  |TAMS 0x0000000082000000, 0x0000000081f00000| Complete 
|  32|0x0000000082000000, 0x0000000082100000, 0x0000000082100000|100%|HC|  |TAMS 0x0000000082100000, 0x0000000082000000| Complete 
|  33|0x0000000082100000, 0x0000000082200000, 0x0000000082200000|100%| O|  |TAMS 0x0000000082200000, 0x0000000082100000| Untracked 
|  34|0x0000000082200000, 0x0000000082300000, 0x0000000082300000|100%| O|  |TAMS 0x0000000082300000, 0x0000000082200000| Untracked 
|  35|0x0000000082300000, 0x0000000082400000, 0x0000000082400000|100%| O|  |TAMS 0x0000000082400000, 0x0000000082300000| Untracked 
|  36|0x0000000082400000, 0x0000000082500000, 0x0000000082500000|100%| O|  |TAMS 0x0000000082487800, 0x0000000082400000| Untracked 
|  37|0x0000000082500000, 0x000000008251ca00, 0x0000000082600000| 11%| O|  |TAMS 0x0000000082500000, 0x0000000082500000| Untracked 
|  38|0x0000000082600000, 0x0000000082600000, 0x0000000082700000|  0%| F|  |TAMS 0x0000000082600000, 0x0000000082600000| Untracked 
|  39|0x0000000082700000, 0x0000000082700000, 0x0000000082800000|  0%| F|  |TAMS 0x0000000082700000, 0x0000000082700000| Untracked 
|  40|0x0000000082800000, 0x0000000082900000, 0x0000000082900000|100%| O|  |TAMS 0x0000000082900000, 0x0000000082800000| Untracked 
|  41|0x0000000082900000, 0x0000000082900000, 0x0000000082a00000|  0%| F|  |TAMS 0x0000000082900000, 0x0000000082900000| Untracked 
|  42|0x0000000082a00000, 0x0000000082a00000, 0x0000000082b00000|  0%| F|  |TAMS 0x0000000082a00000, 0x0000000082a00000| Untracked 
|  43|0x0000000082b00000, 0x0000000082b00000, 0x0000000082c00000|  0%| F|  |TAMS 0x0000000082b00000, 0x0000000082b00000| Untracked 
|  44|0x0000000082c00000, 0x0000000082c00000, 0x0000000082d00000|  0%| F|  |TAMS 0x0000000082c00000, 0x0000000082c00000| Untracked 
|  45|0x0000000082d00000, 0x0000000082d00000, 0x0000000082e00000|  0%| F|  |TAMS 0x0000000082d00000, 0x0000000082d00000| Untracked 
|  46|0x0000000082e00000, 0x0000000082e00000, 0x0000000082f00000|  0%| F|  |TAMS 0x0000000082e00000, 0x0000000082e00000| Untracked 
|  47|0x0000000082f00000, 0x0000000082f00000, 0x0000000083000000|  0%| F|  |TAMS 0x0000000082f00000, 0x0000000082f00000| Untracked 
|  48|0x0000000083000000, 0x0000000083000000, 0x0000000083100000|  0%| F|  |TAMS 0x0000000083000000, 0x0000000083000000| Untracked 
|  49|0x0000000083100000, 0x0000000083100000, 0x0000000083200000|  0%| F|  |TAMS 0x0000000083100000, 0x0000000083100000| Untracked 
|  50|0x0000000083200000, 0x0000000083200000, 0x0000000083300000|  0%| F|  |TAMS 0x0000000083200000, 0x0000000083200000| Untracked 
|  51|0x0000000083300000, 0x0000000083300000, 0x0000000083400000|  0%| F|  |TAMS 0x0000000083300000, 0x0000000083300000| Untracked 
|  52|0x0000000083400000, 0x0000000083400000, 0x0000000083500000|  0%| F|  |TAMS 0x0000000083400000, 0x0000000083400000| Untracked 
|  53|0x0000000083500000, 0x0000000083500000, 0x0000000083600000|  0%| F|  |TAMS 0x0000000083500000, 0x0000000083500000| Untracked 
|  54|0x0000000083600000, 0x0000000083600000, 0x0000000083700000|  0%| F|  |TAMS 0x0000000083600000, 0x0000000083600000| Untracked 
|  55|0x0000000083700000, 0x0000000083700000, 0x0000000083800000|  0%| F|  |TAMS 0x0000000083700000, 0x0000000083700000| Untracked 
|  56|0x0000000083800000, 0x00000000838ed948, 0x0000000083900000| 92%| S|CS|TAMS 0x0000000083800000, 0x0000000083800000| Complete 
|  57|0x0000000083900000, 0x0000000083a00000, 0x0000000083a00000|100%| S|CS|TAMS 0x0000000083900000, 0x0000000083900000| Complete 
|  58|0x0000000083a00000, 0x0000000083b00000, 0x0000000083b00000|100%| S|CS|TAMS 0x0000000083a00000, 0x0000000083a00000| Complete 
|  59|0x0000000083b00000, 0x0000000083b00000, 0x0000000083c00000|  0%| F|  |TAMS 0x0000000083b00000, 0x0000000083b00000| Untracked 
|  60|0x0000000083c00000, 0x0000000083c00000, 0x0000000083d00000|  0%| F|  |TAMS 0x0000000083c00000, 0x0000000083c00000| Untracked 
|  61|0x0000000083d00000, 0x0000000083d00000, 0x0000000083e00000|  0%| F|  |TAMS 0x0000000083d00000, 0x0000000083d00000| Untracked 
|  62|0x0000000083e00000, 0x0000000083e00000, 0x0000000083f00000|  0%| F|  |TAMS 0x0000000083e00000, 0x0000000083e00000| Untracked 
|  63|0x0000000083f00000, 0x0000000083f00000, 0x0000000084000000|  0%| F|  |TAMS 0x0000000083f00000, 0x0000000083f00000| Untracked 
|  64|0x0000000084000000, 0x0000000084000000, 0x0000000084100000|  0%| F|  |TAMS 0x0000000084000000, 0x0000000084000000| Untracked 
|  65|0x0000000084100000, 0x0000000084100000, 0x0000000084200000|  0%| F|  |TAMS 0x0000000084100000, 0x0000000084100000| Untracked 
|  66|0x0000000084200000, 0x0000000084200000, 0x0000000084300000|  0%| F|  |TAMS 0x0000000084200000, 0x0000000084200000| Untracked 
|  67|0x0000000084300000, 0x0000000084300000, 0x0000000084400000|  0%| F|  |TAMS 0x0000000084300000, 0x0000000084300000| Untracked 
|  68|0x0000000084400000, 0x0000000084400000, 0x0000000084500000|  0%| F|  |TAMS 0x0000000084400000, 0x0000000084400000| Untracked 
|  69|0x0000000084500000, 0x0000000084500000, 0x0000000084600000|  0%| F|  |TAMS 0x0000000084500000, 0x0000000084500000| Untracked 
|  70|0x0000000084600000, 0x0000000084600000, 0x0000000084700000|  0%| F|  |TAMS 0x0000000084600000, 0x0000000084600000| Untracked 
|  71|0x0000000084700000, 0x0000000084700000, 0x0000000084800000|  0%| F|  |TAMS 0x0000000084700000, 0x0000000084700000| Untracked 
|  72|0x0000000084800000, 0x0000000084800000, 0x0000000084900000|  0%| F|  |TAMS 0x0000000084800000, 0x0000000084800000| Untracked 
|  73|0x0000000084900000, 0x0000000084900000, 0x0000000084a00000|  0%| F|  |TAMS 0x0000000084900000, 0x0000000084900000| Untracked 
|  74|0x0000000084a00000, 0x0000000084a00000, 0x0000000084b00000|  0%| F|  |TAMS 0x0000000084a00000, 0x0000000084a00000| Untracked 
|  75|0x0000000084b00000, 0x0000000084b00000, 0x0000000084c00000|  0%| F|  |TAMS 0x0000000084b00000, 0x0000000084b00000| Untracked 
|  76|0x0000000084c00000, 0x0000000084c00000, 0x0000000084d00000|  0%| F|  |TAMS 0x0000000084c00000, 0x0000000084c00000| Untracked 
|  77|0x0000000084d00000, 0x0000000084d00000, 0x0000000084e00000|  0%| F|  |TAMS 0x0000000084d00000, 0x0000000084d00000| Untracked 
|  78|0x0000000084e00000, 0x0000000084e00000, 0x0000000084f00000|  0%| F|  |TAMS 0x0000000084e00000, 0x0000000084e00000| Untracked 
|  79|0x0000000084f00000, 0x0000000084f00000, 0x0000000085000000|  0%| F|  |TAMS 0x0000000084f00000, 0x0000000084f00000| Untracked 
|  80|0x0000000085000000, 0x0000000085000000, 0x0000000085100000|  0%| F|  |TAMS 0x0000000085000000, 0x0000000085000000| Untracked 
|  81|0x0000000085100000, 0x0000000085175b78, 0x0000000085200000| 45%| E|  |TAMS 0x0000000085100000, 0x0000000085100000| Complete 
| 127|0x0000000087f00000, 0x0000000088000000, 0x0000000088000000|100%| E|CS|TAMS 0x0000000087f00000, 0x0000000087f00000| Complete 

Card table byte_map: [0x0000016f60ea0000,0x0000016f612a0000] _byte_map_base: 0x0000016f60aa0000

Marking Bits (Prev, Next): (CMBitMap*) 0x0000016f4c5f2810, (CMBitMap*) 0x0000016f4c5f2850
 Prev Bits: [0x0000016f616a0000, 0x0000016f636a0000)
 Next Bits: [0x0000016f636a0000, 0x0000016f656a0000)

Polling page: 0x0000016f4c650000

Metaspace:

Usage:
  Non-class:     35.40 MB used.
      Class:      5.65 MB used.
       Both:     41.05 MB used.

Virtual space:
  Non-class space:       64.00 MB reserved,      35.62 MB ( 56%) committed,  1 nodes.
      Class space:        1.00 GB reserved,       5.88 MB ( <1%) committed,  1 nodes.
             Both:        1.06 GB reserved,      41.50 MB (  4%) committed. 

Chunk freelists:
   Non-Class:  11.53 MB
       Class:  10.17 MB
        Both:  21.70 MB

MaxMetaspaceSize: unlimited
CompressedClassSpaceSize: 1.00 GB
Initial GC threshold: 21.00 MB
Current GC threshold: 68.88 MB
CDS: off
MetaspaceReclaimPolicy: balanced
 - commit_granule_bytes: 65536.
 - commit_granule_words: 8192.
 - virtual_space_node_default_size: 8388608.
 - enlarge_chunks_in_place: 1.
 - new_chunks_are_fully_committed: 0.
 - uncommit_free_chunks: 1.
 - use_allocation_guard: 0.
 - handle_deallocations: 1.


Internal statistics:

num_allocs_failed_limit: 3.
num_arena_births: 362.
num_arena_deaths: 0.
num_vsnodes_births: 2.
num_vsnodes_deaths: 0.
num_space_committed: 664.
num_space_uncommitted: 0.
num_chunks_returned_to_freelist: 3.
num_chunks_taken_from_freelist: 1621.
num_chunk_merges: 3.
num_chunk_splits: 1056.
num_chunks_enlarged: 753.
num_inconsistent_stats: 0.

CodeHeap 'non-profiled nmethods': size=120000Kb used=1618Kb max_used=1618Kb free=118381Kb
 bounds [0x0000016f58d10000, 0x0000016f58f80000, 0x0000016f60240000]
CodeHeap 'profiled nmethods': size=120000Kb used=7302Kb max_used=7302Kb free=112697Kb
 bounds [0x0000016f51240000, 0x0000016f51970000, 0x0000016f58770000]
CodeHeap 'non-nmethods': size=5760Kb used=1594Kb max_used=1645Kb free=4165Kb
 bounds [0x0000016f58770000, 0x0000016f589e0000, 0x0000016f58d10000]
 total_blobs=4372 nmethods=3707 adapters=577
 compilation: enabled
              stopped_count=0, restarted_count=0
 full_count=0

Compilation events (20 events):
Event: 5.088 Thread 0x0000016f680eeb60 3720  s    2       java.io.ByteArrayOutputStream::toByteArray (12 bytes)
Event: 5.088 Thread 0x0000016f680eeb60 nmethod 3720 0x0000016f51955e10 code [0x0000016f51955fc0, 0x0000016f51956188]
Event: 5.093 Thread 0x0000016f680eeb60 3721       2       org.objectweb.asm.Type::getType (122 bytes)
Event: 5.094 Thread 0x0000016f680eeb60 nmethod 3721 0x0000016f51956290 code [0x0000016f519564e0, 0x0000016f51956a48]
Event: 5.111 Thread 0x0000016f680eeb60 3723       2       jdk.internal.loader.NativeLibraries$NativeLibraryImpl::find (6 bytes)
Event: 5.111 Thread 0x0000016f680eeb60 nmethod 3723 0x0000016f51956c90 code [0x0000016f51956e20, 0x0000016f51956f48]
Event: 5.133 Thread 0x0000016f680eeb60 3725       2       org.objectweb.asm.SymbolTable::addTypeInternal (85 bytes)
Event: 5.133 Thread 0x0000016f680eeb60 nmethod 3725 0x0000016f51957010 code [0x0000016f519571e0, 0x0000016f519576b8]
Event: 5.133 Thread 0x0000016f680eeb60 3727       2       org.objectweb.asm.Frame::putAbstractType (379 bytes)
Event: 5.134 Thread 0x0000016f680eeb60 nmethod 3727 0x0000016f51957890 code [0x0000016f51957bc0, 0x0000016f51958518]
Event: 5.134 Thread 0x0000016f680eeb60 3726       2       org.objectweb.asm.Type::getOpcode (284 bytes)
Event: 5.135 Thread 0x0000016f680eeb60 nmethod 3726 0x0000016f51958c90 code [0x0000016f51958f00, 0x0000016f519597b8]
Event: 5.135 Thread 0x0000016f680eeb60 3728       2       org.objectweb.asm.MethodWriter::visitJumpInsn (495 bytes)
Event: 5.135 Thread 0x0000016f680eeb60 nmethod 3728 0x0000016f51959a90 code [0x0000016f51959d20, 0x0000016f5195a4a8]
Event: 5.135 Thread 0x0000016f680eeb60 3729       2       org.objectweb.asm.Label::put (83 bytes)
Event: 5.135 Thread 0x0000016f680eeb60 nmethod 3729 0x0000016f5195aa10 code [0x0000016f5195ac00, 0x0000016f5195ae98]
Event: 5.138 Thread 0x0000016f680eeb60 3730       2       java.util.jar.Attributes::<init> (17 bytes)
Event: 5.138 Thread 0x0000016f680eeb60 nmethod 3730 0x0000016f5195b090 code [0x0000016f5195b260, 0x0000016f5195b468]
Event: 5.139 Thread 0x0000016f680eeb60 3731       2       sun.security.provider.ByteArrayAccess::i2bLittle4 (10 bytes)
Event: 5.140 Thread 0x0000016f680eeb60 nmethod 3731 0x0000016f5195b590 code [0x0000016f5195b740, 0x0000016f5195b8d8]

GC Heap History (18 events):
Event: 0.530 GC heap before
{Heap before GC invocations=0 (full 0):
 garbage-first heap   total 131072K, used 23552K [0x0000000080000000, 0x0000000100000000)
  region size 1024K, 21 young (21504K), 0 survivors (0K)
 Metaspace       used 10239K, committed 10304K, reserved 1114112K
  class space    used 1059K, committed 1088K, reserved 1048576K
}
Event: 0.534 GC heap after
{Heap after GC invocations=1 (full 0):
 garbage-first heap   total 131072K, used 9216K [0x0000000080000000, 0x0000000100000000)
  region size 1024K, 3 young (3072K), 3 survivors (3072K)
 Metaspace       used 10239K, committed 10304K, reserved 1114112K
  class space    used 1059K, committed 1088K, reserved 1048576K
}
Event: 0.860 GC heap before
{Heap before GC invocations=1 (full 0):
 garbage-first heap   total 131072K, used 35840K [0x0000000080000000, 0x0000000100000000)
  region size 1024K, 29 young (29696K), 3 survivors (3072K)
 Metaspace       used 11189K, committed 11392K, reserved 1114112K
  class space    used 1163K, committed 1280K, reserved 1048576K
}
Event: 0.863 GC heap after
{Heap after GC invocations=2 (full 0):
 garbage-first heap   total 131072K, used 10940K [0x0000000080000000, 0x0000000100000000)
  region size 1024K, 2 young (2048K), 2 survivors (2048K)
 Metaspace       used 11189K, committed 11392K, reserved 1114112K
  class space    used 1163K, committed 1280K, reserved 1048576K
}
Event: 1.699 GC heap before
{Heap before GC invocations=2 (full 0):
 garbage-first heap   total 131072K, used 55996K [0x0000000080000000, 0x0000000100000000)
  region size 1024K, 46 young (47104K), 2 survivors (2048K)
 Metaspace       used 21368K, committed 21504K, reserved 1114112K
  class space    used 2560K, committed 2624K, reserved 1048576K
}
Event: 1.704 GC heap after
{Heap after GC invocations=3 (full 0):
 garbage-first heap   total 131072K, used 18269K [0x0000000080000000, 0x0000000100000000)
  region size 1024K, 9 young (9216K), 9 survivors (9216K)
 Metaspace       used 21368K, committed 21504K, reserved 1114112K
  class space    used 2560K, committed 2624K, reserved 1048576K
}
Event: 2.223 GC heap before
{Heap before GC invocations=4 (full 0):
 garbage-first heap   total 68608K, used 50013K [0x0000000080000000, 0x0000000100000000)
  region size 1024K, 40 young (40960K), 9 survivors (9216K)
 Metaspace       used 26654K, committed 27008K, reserved 1114112K
  class space    used 3495K, committed 3648K, reserved 1048576K
}
Event: 2.228 GC heap after
{Heap after GC invocations=5 (full 0):
 garbage-first heap   total 68608K, used 19894K [0x0000000080000000, 0x0000000100000000)
  region size 1024K, 3 young (3072K), 3 survivors (3072K)
 Metaspace       used 26654K, committed 27008K, reserved 1114112K
  class space    used 3495K, committed 3648K, reserved 1048576K
}
Event: 4.166 GC heap before
{Heap before GC invocations=5 (full 0):
 garbage-first heap   total 68608K, used 56758K [0x0000000080000000, 0x0000000100000000)
  region size 1024K, 30 young (30720K), 3 survivors (3072K)
 Metaspace       used 30606K, committed 30912K, reserved 1114112K
  class space    used 4160K, committed 4288K, reserved 1048576K
}
Event: 4.169 GC heap after
{Heap after GC invocations=6 (full 0):
 garbage-first heap   total 68608K, used 35896K [0x0000000080000000, 0x0000000100000000)
  region size 1024K, 4 young (4096K), 4 survivors (4096K)
 Metaspace       used 30606K, committed 30912K, reserved 1114112K
  class space    used 4160K, committed 4288K, reserved 1048576K
}
Event: 4.379 GC heap before
{Heap before GC invocations=6 (full 0):
 garbage-first heap   total 68608K, used 51256K [0x0000000080000000, 0x0000000100000000)
  region size 1024K, 19 young (19456K), 4 survivors (4096K)
 Metaspace       used 32706K, committed 33024K, reserved 1114112K
  class space    used 4485K, committed 4608K, reserved 1048576K
}
Event: 4.381 GC heap after
{Heap after GC invocations=7 (full 0):
 garbage-first heap   total 68608K, used 37118K [0x0000000080000000, 0x0000000100000000)
  region size 1024K, 1 young (1024K), 1 survivors (1024K)
 Metaspace       used 32706K, committed 33024K, reserved 1114112K
  class space    used 4485K, committed 4608K, reserved 1048576K
}
Event: 4.572 GC heap before
{Heap before GC invocations=8 (full 0):
 garbage-first heap   total 68608K, used 51454K [0x0000000080000000, 0x0000000100000000)
  region size 1024K, 15 young (15360K), 1 survivors (1024K)
 Metaspace       used 34563K, committed 34944K, reserved 1114112K
  class space    used 4801K, committed 4992K, reserved 1048576K
}
Event: 4.574 GC heap after
{Heap after GC invocations=9 (full 0):
 garbage-first heap   total 68608K, used 37768K [0x0000000080000000, 0x0000000100000000)
  region size 1024K, 2 young (2048K), 2 survivors (2048K)
 Metaspace       used 34563K, committed 34944K, reserved 1114112K
  class space    used 4801K, committed 4992K, reserved 1048576K
}
Event: 4.797 GC heap before
{Heap before GC invocations=9 (full 0):
 garbage-first heap   total 68608K, used 52104K [0x0000000080000000, 0x0000000100000000)
  region size 1024K, 17 young (17408K), 2 survivors (2048K)
 Metaspace       used 37970K, committed 38400K, reserved 1114112K
  class space    used 5174K, committed 5376K, reserved 1048576K
}
Event: 4.799 GC heap after
{Heap after GC invocations=10 (full 0):
 garbage-first heap   total 68608K, used 38833K [0x0000000080000000, 0x0000000100000000)
  region size 1024K, 3 young (3072K), 3 survivors (3072K)
 Metaspace       used 37970K, committed 38400K, reserved 1114112K
  class space    used 5174K, committed 5376K, reserved 1048576K
}
Event: 4.853 GC heap before
{Heap before GC invocations=11 (full 0):
 garbage-first heap   total 70656K, used 53169K [0x0000000080000000, 0x0000000100000000)
  region size 1024K, 17 young (17408K), 3 survivors (3072K)
 Metaspace       used 38212K, committed 38592K, reserved 1114112K
  class space    used 5189K, committed 5376K, reserved 1048576K
}
Event: 4.855 GC heap after
{Heap after GC invocations=12 (full 0):
 garbage-first heap   total 84992K, used 40125K [0x0000000080000000, 0x0000000100000000)
  region size 1024K, 3 young (3072K), 3 survivors (3072K)
 Metaspace       used 38212K, committed 38592K, reserved 1114112K
  class space    used 5189K, committed 5376K, reserved 1048576K
}

Dll operation events (2 events):
Event: 0.008 Loaded shared library C:\Program Files\Android\Android Studio1\jbr\bin\java.dll
Event: 0.311 Loaded shared library C:\Program Files\Android\Android Studio1\jbr\bin\verify.dll

Deoptimization events (20 events):
Event: 5.004 Thread 0x0000016f6d85a760 DEOPT PACKING pc=0x0000016f51906814 sp=0x00000005892f8050
Event: 5.004 Thread 0x0000016f6d85a760 DEOPT UNPACKING pc=0x0000016f587c7143 sp=0x00000005892f7558 mode 0
Event: 5.027 Thread 0x0000016f6d85a760 Uncommon trap: trap_request=0xffffff45 fr.pc=0x0000016f58e8a604 relative=0x0000000000000264
Event: 5.027 Thread 0x0000016f6d85a760 Uncommon trap: reason=unstable_if action=reinterpret pc=0x0000016f58e8a604 method=java.util.HashMap.getNode(Ljava/lang/Object;)Ljava/util/HashMap$Node; @ 85 c2
Event: 5.027 Thread 0x0000016f6d85a760 DEOPT PACKING pc=0x0000016f58e8a604 sp=0x00000005892f7900
Event: 5.027 Thread 0x0000016f6d85a760 DEOPT UNPACKING pc=0x0000016f587c69a3 sp=0x00000005892f7870 mode 2
Event: 5.032 Thread 0x0000016f6d85a760 DEOPT PACKING pc=0x0000016f51915126 sp=0x00000005892f69f0
Event: 5.032 Thread 0x0000016f6d85a760 DEOPT UNPACKING pc=0x0000016f587c7143 sp=0x00000005892f5f28 mode 0
Event: 5.069 Thread 0x0000016f6d85a760 Uncommon trap: trap_request=0xffffff6e fr.pc=0x0000016f58dadf58 relative=0x00000000000001b8
Event: 5.069 Thread 0x0000016f6d85a760 Uncommon trap: reason=loop_limit_check action=maybe_recompile pc=0x0000016f58dadf58 method=java.lang.StringLatin1.lastIndexOf([BII)I @ 19 c2
Event: 5.069 Thread 0x0000016f6d85a760 DEOPT PACKING pc=0x0000016f58dadf58 sp=0x00000005892f7720
Event: 5.069 Thread 0x0000016f6d85a760 DEOPT UNPACKING pc=0x0000016f587c69a3 sp=0x00000005892f75d8 mode 2
Event: 5.069 Thread 0x0000016f6d85a760 Uncommon trap: trap_request=0xffffff6e fr.pc=0x0000016f58d21074 relative=0x0000000000000174
Event: 5.069 Thread 0x0000016f6d85a760 Uncommon trap: reason=loop_limit_check action=maybe_recompile pc=0x0000016f58d21074 method=java.lang.StringLatin1.lastIndexOf([BII)I @ 19 c2
Event: 5.069 Thread 0x0000016f6d85a760 DEOPT PACKING pc=0x0000016f58d21074 sp=0x00000005892f76c0
Event: 5.069 Thread 0x0000016f6d85a760 DEOPT UNPACKING pc=0x0000016f587c69a3 sp=0x00000005892f7640 mode 2
Event: 5.117 Thread 0x0000016f6e7d5ea0 Uncommon trap: trap_request=0xffffff45 fr.pc=0x0000016f58e579ec relative=0x000000000000052c
Event: 5.117 Thread 0x0000016f6e7d5ea0 Uncommon trap: reason=unstable_if action=reinterpret pc=0x0000016f58e579ec method=java.lang.StringLatin1.regionMatchesCI([BI[BII)Z @ 72 c2
Event: 5.117 Thread 0x0000016f6e7d5ea0 DEOPT PACKING pc=0x0000016f58e579ec sp=0x0000000589ffede0
Event: 5.117 Thread 0x0000016f6e7d5ea0 DEOPT UNPACKING pc=0x0000016f587c69a3 sp=0x0000000589ffec50 mode 2

Classes unloaded (0 events):
No events

Classes redefined (0 events):
No events

Internal exceptions (20 events):
Event: 4.273 Thread 0x0000016f6d85a760 Exception <a 'java/lang/NoSuchMethodError'{0x0000000084a19258}: 'java.lang.Object java.lang.invoke.DirectMethodHandle$Holder.invokeSpecialIFC(java.lang.Object, java.lang.Object, java.lang.Object, java.lang.Object)'> (0x0000000084a19258) 
thrown [s\src\hotspot\share\interpreter\linkResolver.cpp, line 771]
Event: 4.356 Thread 0x0000016f6d85a760 Implicit null exception at 0x0000016f58dc760c to 0x0000016f58dc7838
Event: 4.399 Thread 0x0000016f6d85a760 Exception <a 'java/lang/NoSuchMethodError'{0x0000000087ff0170}: 'java.lang.Object java.lang.invoke.DirectMethodHandle$Holder.invokeSpecial(java.lang.Object, java.lang.Object, java.lang.Object, java.lang.Object, java.lang.Object, java.lang.Object, java.lang.Object, java.lang.Object, java.lang.Object, java.lang.Object, java.lang.Object, java.lang.Object, java.lang.Object)'> (0x0000000087ff0170) 
thrown [s\src\hotspot\share\interpreter\linkResolver.cpp, line 771]
Event: 4.400 Thread 0x0000016f6d85a760 Exception <a 'java/lang/NoSuchMethodError'{0x0000000085102ef8}: 'java.lang.Object java.lang.invoke.DirectMethodHandle$Holder.newInvokeSpecial(java.lang.Object, java.lang.Object, java.lang.Object, java.lang.Object, java.lang.Object, java.lang.Object, java.lang.Object, java.lang.Object, java.lang.Object, java.lang.Object, java.lang.Object)'> (0x0000000085102ef8) 
thrown [s\src\hotspot\share\interpreter\linkResolver.cpp, line 771]
Event: 4.400 Thread 0x0000016f6d85a760 Exception <a 'java/lang/NoSuchMethodError'{0x0000000085108dd0}: 'java.lang.Object java.lang.invoke.DirectMethodHandle$Holder.invokeSpecial(java.lang.Object, java.lang.Object, java.lang.Object, java.lang.Object, java.lang.Object, java.lang.Object, java.lang.Object, java.lang.Object, java.lang.Object, java.lang.Object, java.lang.Object, java.lang.Object)'> (0x0000000085108dd0) 
thrown [s\src\hotspot\share\interpreter\linkResolver.cpp, line 771]
Event: 4.401 Thread 0x0000016f6d85a760 Exception <a 'java/lang/NoSuchMethodError'{0x000000008510e468}: 'java.lang.Object java.lang.invoke.Invokers$Holder.linkToTargetMethod(java.lang.Object, java.lang.Object, java.lang.Object, java.lang.Object, java.lang.Object, java.lang.Object, java.lang.Object, java.lang.Object, java.lang.Object, java.lang.Object, java.lang.Object)'> (0x000000008510e468) 
thrown [s\src\hotspot\share\interpreter\linkResolver.cpp, line 771]
Event: 4.406 Thread 0x0000016f6d85a760 Exception <a 'java/lang/NoSuchMethodError'{0x0000000085157c68}: 'java.lang.Object java.lang.invoke.DirectMethodHandle$Holder.invokeSpecial(java.lang.Object, java.lang.Object, java.lang.Object, java.lang.Object, java.lang.Object, java.lang.Object, java.lang.Object, java.lang.Object, java.lang.Object, java.lang.Object, java.lang.Object, java.lang.Object, java.lang.Object, java.lang.Object)'> (0x0000000085157c68) 
thrown [s\src\hotspot\share\interpreter\linkResolver.cpp, line 771]
Event: 4.406 Thread 0x0000016f6d85a760 Exception <a 'java/lang/NoSuchMethodError'{0x000000008516a2e0}: 'java.lang.Object java.lang.invoke.DirectMethodHandle$Holder.newInvokeSpecial(java.lang.Object, java.lang.Object, java.lang.Object, java.lang.Object, java.lang.Object, java.lang.Object, java.lang.Object, java.lang.Object, java.lang.Object, java.lang.Object, java.lang.Object, java.lang.Object)'> (0x000000008516a2e0) 
thrown [s\src\hotspot\share\interpreter\linkResolver.cpp, line 771]
Event: 4.406 Thread 0x0000016f6d85a760 Exception <a 'java/lang/NoSuchMethodError'{0x000000008516fc78}: 'java.lang.Object java.lang.invoke.Invokers$Holder.linkToTargetMethod(java.lang.Object, java.lang.Object, java.lang.Object, java.lang.Object, java.lang.Object, java.lang.Object, java.lang.Object, java.lang.Object, java.lang.Object, java.lang.Object, java.lang.Object, java.lang.Object)'> (0x000000008516fc78) 
thrown [s\src\hotspot\share\interpreter\linkResolver.cpp, line 771]
Event: 4.415 Thread 0x0000016f6d85a760 Exception <a 'java/lang/NoSuchMethodError'{0x000000008500d678}: 'java.lang.Object java.lang.invoke.DirectMethodHandle$Holder.invokeStaticInit(java.lang.Object, java.lang.Object, java.lang.Object, java.lang.Object)'> (0x000000008500d678) 
thrown [s\src\hotspot\share\interpreter\linkResolver.cpp, line 771]
Event: 4.489 Thread 0x0000016f6d85a760 Exception <a 'java/lang/NoSuchMethodError'{0x0000000084b83808}: 'java.lang.Object java.lang.invoke.DirectMethodHandle$Holder.newInvokeSpecial(java.lang.Object, java.lang.Object, java.lang.Object, java.lang.Object, java.lang.Object, java.lang.Object, java.lang.Object, java.lang.Object)'> (0x0000000084b83808) 
thrown [s\src\hotspot\share\interpreter\linkResolver.cpp, line 771]
Event: 4.489 Thread 0x0000016f6d85a760 Exception <a 'java/lang/NoSuchMethodError'{0x0000000084b89890}: 'java.lang.Object java.lang.invoke.Invokers$Holder.linkToTargetMethod(java.lang.Object, java.lang.Object, java.lang.Object, java.lang.Object, java.lang.Object, java.lang.Object, java.lang.Object, java.lang.Object)'> (0x0000000084b89890) 
thrown [s\src\hotspot\share\interpreter\linkResolver.cpp, line 771]
Event: 4.495 Thread 0x0000016f6d85a760 Exception <a 'java/lang/IncompatibleClassChangeError'{0x0000000084bfe970}: Found class java.lang.Object, but interface was expected> (0x0000000084bfe970) 
thrown [s\src\hotspot\share\interpreter\linkResolver.cpp, line 838]
Event: 4.694 Thread 0x0000016f6d85a760 Exception <a 'java/lang/NoSuchMethodError'{0x0000000084a52208}: 'void java.lang.invoke.DirectMethodHandle$Holder.invokeStaticInit(java.lang.Object, java.lang.Object, java.lang.Object)'> (0x0000000084a52208) 
thrown [s\src\hotspot\share\interpreter\linkResolver.cpp, line 771]
Event: 4.695 Thread 0x0000016f6d85a760 Exception <a 'java/lang/NoSuchMethodError'{0x0000000084a59950}: 'void java.lang.invoke.DirectMethodHandle$Holder.invokeStaticInit(java.lang.Object, java.lang.Object, java.lang.Object, java.lang.Object)'> (0x0000000084a59950) 
thrown [s\src\hotspot\share\interpreter\linkResolver.cpp, line 771]
Event: 4.696 Thread 0x0000016f6d85a760 Exception <a 'java/lang/NoSuchMethodError'{0x0000000084a7bbf8}: 'void java.lang.invoke.DirectMethodHandle$Holder.invokeStaticInit(java.lang.Object, java.lang.Object, java.lang.Object, java.lang.Object, java.lang.Object)'> (0x0000000084a7bbf8) 
thrown [s\src\hotspot\share\interpreter\linkResolver.cpp, line 771]
Event: 4.863 Thread 0x0000016f6d85a760 Exception <a 'java/lang/NoSuchMethodError'{0x0000000085184f58}: 'void java.lang.invoke.DirectMethodHandle$Holder.invokeVirtual(java.lang.Object, java.lang.Object)'> (0x0000000085184f58) 
thrown [s\src\hotspot\share\interpreter\linkResolver.cpp, line 771]
Event: 5.111 Thread 0x0000016f6e7d5ea0 Exception <a 'sun/nio/fs/WindowsException'{0x0000000083cff5d8}> (0x0000000083cff5d8) 
thrown [s\src\hotspot\share\prims\jni.cpp, line 517]
Event: 5.122 Thread 0x0000016f6e7d5ea0 Exception <a 'sun/nio/fs/WindowsException'{0x0000000083b3be38}> (0x0000000083b3be38) 
thrown [s\src\hotspot\share\prims\jni.cpp, line 517]
Event: 5.123 Thread 0x0000016f6e7d5ea0 Exception <a 'sun/nio/fs/WindowsException'{0x0000000083b3c048}> (0x0000000083b3c048) 
thrown [s\src\hotspot\share\prims\jni.cpp, line 517]

VM Operations (20 events):
Event: 4.808 Executing VM operation: HandshakeAllThreads
Event: 4.808 Executing VM operation: HandshakeAllThreads done
Event: 4.809 Executing VM operation: G1PauseRemark
Event: 4.810 Executing VM operation: G1PauseRemark done
Event: 4.814 Executing VM operation: G1PauseCleanup
Event: 4.814 Executing VM operation: G1PauseCleanup done
Event: 4.853 Executing VM operation: G1CollectForAllocation
Event: 4.855 Executing VM operation: G1CollectForAllocation done
Event: 4.944 Executing VM operation: HandshakeAllThreads
Event: 4.944 Executing VM operation: HandshakeAllThreads done
Event: 5.004 Executing VM operation: HandshakeAllThreads
Event: 5.004 Executing VM operation: HandshakeAllThreads done
Event: 5.023 Executing VM operation: HandshakeAllThreads
Event: 5.023 Executing VM operation: HandshakeAllThreads done
Event: 5.040 Executing VM operation: ICBufferFull
Event: 5.040 Executing VM operation: ICBufferFull done
Event: 5.086 Executing VM operation: HandshakeAllThreads
Event: 5.086 Executing VM operation: HandshakeAllThreads done
Event: 5.087 Executing VM operation: HandshakeAllThreads
Event: 5.087 Executing VM operation: HandshakeAllThreads done

Events (20 events):
Event: 5.087 loading class sun/nio/cs/Surrogate$Parser
Event: 5.087 loading class sun/nio/cs/Surrogate$Parser done
Event: 5.087 loading class sun/nio/cs/Surrogate
Event: 5.087 loading class sun/nio/cs/Surrogate done
Event: 5.095 loading class java/lang/Process
Event: 5.096 loading class java/lang/Process done
Event: 5.096 loading class java/lang/ProcessBuilder
Event: 5.096 loading class java/lang/ProcessBuilder done
Event: 5.111 loading class sun/nio/fs/WindowsException
Event: 5.111 loading class sun/nio/fs/WindowsException done
Event: 5.115 loading class java/nio/charset/UnsupportedCharsetException
Event: 5.115 loading class java/nio/charset/UnsupportedCharsetException done
Event: 5.117 loading class java/util/zip/Deflater
Event: 5.117 loading class java/util/zip/Deflater done
Event: 5.118 loading class java/util/zip/Deflater$DeflaterZStreamRef
Event: 5.118 loading class java/util/zip/Deflater$DeflaterZStreamRef done
Event: 5.122 loading class java/nio/file/StandardCopyOption
Event: 5.122 loading class java/nio/file/StandardCopyOption done
Event: 5.122 loading class sun/nio/fs/WindowsFileCopy
Event: 5.122 loading class sun/nio/fs/WindowsFileCopy done


Dynamic libraries:
0x00007ff70b7c0000 - 0x00007ff70b7ca000 	C:\Program Files\Android\Android Studio1\jbr\bin\java.exe
0x00007ffd8c500000 - 0x00007ffd8c707000 	C:\Windows\SYSTEM32\ntdll.dll
0x00007ffd8b610000 - 0x00007ffd8b6cd000 	C:\Windows\System32\KERNEL32.DLL
0x00007ffd89ac0000 - 0x00007ffd89e32000 	C:\Windows\System32\KERNELBASE.dll
0x00007ffd86fe0000 - 0x00007ffd87072000 	C:\Windows\SYSTEM32\apphelp.dll
0x00007ffd8a1c0000 - 0x00007ffd8a2d1000 	C:\Windows\System32\ucrtbase.dll
0x00007ffd79e50000 - 0x00007ffd79e6b000 	C:\Program Files\Android\Android Studio1\jbr\bin\VCRUNTIME140.dll
0x00007ffd6bf10000 - 0x00007ffd6bf27000 	C:\Program Files\Android\Android Studio1\jbr\bin\jli.dll
0x00007ffd8a650000 - 0x00007ffd8a7fc000 	C:\Windows\System32\USER32.dll
0x00007ffd8a3a0000 - 0x00007ffd8a3c6000 	C:\Windows\System32\win32u.dll
0x00007ffd664c0000 - 0x00007ffd66765000 	C:\Windows\WinSxS\amd64_microsoft.windows.common-controls_6595b64144ccf1df_6.0.21996.1_none_7d6b053978bcd706\COMCTL32.dll
0x00007ffd8ad50000 - 0x00007ffd8adf3000 	C:\Windows\System32\msvcrt.dll
0x00007ffd8b810000 - 0x00007ffd8b839000 	C:\Windows\System32\GDI32.dll
0x00007ffd89e40000 - 0x00007ffd89f52000 	C:\Windows\System32\gdi32full.dll
0x00007ffd89a20000 - 0x00007ffd89abd000 	C:\Windows\System32\msvcp_win.dll
0x00007ffd8b840000 - 0x00007ffd8b871000 	C:\Windows\System32\IMM32.DLL
0x00007ffd79e40000 - 0x00007ffd79e4c000 	C:\Program Files\Android\Android Studio1\jbr\bin\vcruntime140_1.dll
0x00007ffd79db0000 - 0x00007ffd79e3d000 	C:\Program Files\Android\Android Studio1\jbr\bin\msvcp140.dll
0x00007ffd16270000 - 0x00007ffd16ef3000 	C:\Program Files\Android\Android Studio1\jbr\bin\server\jvm.dll
0x00007ffd8b3a0000 - 0x00007ffd8b44c000 	C:\Windows\System32\ADVAPI32.dll
0x00007ffd8a4d0000 - 0x00007ffd8a56d000 	C:\Windows\System32\sechost.dll
0x00007ffd8b6d0000 - 0x00007ffd8b7f1000 	C:\Windows\System32\RPCRT4.dll
0x00007ffd89280000 - 0x00007ffd892cd000 	C:\Windows\SYSTEM32\POWRPROF.dll
0x00007ffd78630000 - 0x00007ffd78639000 	C:\Windows\SYSTEM32\WSOCK32.dll
0x00007ffd8a870000 - 0x00007ffd8a8df000 	C:\Windows\System32\WS2_32.dll
0x00007ffd81fd0000 - 0x00007ffd82003000 	C:\Windows\SYSTEM32\WINMM.dll
0x00007ffd83e30000 - 0x00007ffd83e3a000 	C:\Windows\SYSTEM32\VERSION.dll
0x00007ffd89250000 - 0x00007ffd89263000 	C:\Windows\SYSTEM32\UMPDC.dll
0x00007ffd88b10000 - 0x00007ffd88b27000 	C:\Windows\SYSTEM32\kernel.appcore.dll
0x00007ffd85b80000 - 0x00007ffd85b8a000 	C:\Program Files\Android\Android Studio1\jbr\bin\jimage.dll
0x00007ffd78290000 - 0x00007ffd784b1000 	C:\Windows\SYSTEM32\DBGHELP.DLL
0x00007ffd78560000 - 0x00007ffd78591000 	C:\Windows\SYSTEM32\dbgcore.DLL
0x00007ffd8a140000 - 0x00007ffd8a1c0000 	C:\Windows\System32\bcryptPrimitives.dll
0x00007ffd6cab0000 - 0x00007ffd6cad5000 	C:\Program Files\Android\Android Studio1\jbr\bin\java.dll
0x00007ffd6cd10000 - 0x00007ffd6cd28000 	C:\Program Files\Android\Android Studio1\jbr\bin\zip.dll
0x00007ffd8b9d0000 - 0x00007ffd8c139000 	C:\Windows\System32\SHELL32.dll
0x00007ffd87ba0000 - 0x00007ffd883f8000 	C:\Windows\SYSTEM32\windows.storage.dll
0x00007ffd8c140000 - 0x00007ffd8c4b5000 	C:\Windows\System32\combase.dll
0x00007ffd87a30000 - 0x00007ffd87b96000 	C:\Windows\SYSTEM32\wintypes.dll
0x00007ffd8ae00000 - 0x00007ffd8aeea000 	C:\Windows\System32\SHCORE.dll
0x00007ffd8b970000 - 0x00007ffd8b9cd000 	C:\Windows\System32\shlwapi.dll
0x00007ffd89950000 - 0x00007ffd89971000 	C:\Windows\SYSTEM32\profapi.dll
0x00007ffd6c0d0000 - 0x00007ffd6c0e9000 	C:\Program Files\Android\Android Studio1\jbr\bin\net.dll
0x00007ffd84f20000 - 0x00007ffd8502c000 	C:\Windows\SYSTEM32\WINHTTP.dll
0x00007ffd88f10000 - 0x00007ffd88f77000 	C:\Windows\system32\mswsock.dll
0x00007ffd6c0b0000 - 0x00007ffd6c0c6000 	C:\Program Files\Android\Android Studio1\jbr\bin\nio.dll
0x00007ffd84cd0000 - 0x00007ffd84ce0000 	C:\Program Files\Android\Android Studio1\jbr\bin\verify.dll
0x00007ffd67f20000 - 0x00007ffd67f47000 	C:\Users\madan\.gradle\native\68d5fa5c4cc2d200863cafc0d521ce42e7d3e7ee720ec0a83991735586a16f82\windows-amd64\native-platform.dll
0x00007ffd18760000 - 0x00007ffd188a4000 	C:\Users\madan\.gradle\native\e376f236ea51e6404a007f0833ffe2c6e607c4080706a723a18a27aeea778392\windows-amd64\native-platform-file-events.dll
0x00007ffd80600000 - 0x00007ffd80609000 	C:\Program Files\Android\Android Studio1\jbr\bin\management.dll
0x00007ffd7b170000 - 0x00007ffd7b17b000 	C:\Program Files\Android\Android Studio1\jbr\bin\management_ext.dll
0x00007ffd8b800000 - 0x00007ffd8b808000 	C:\Windows\System32\PSAPI.DLL
0x00007ffd892d0000 - 0x00007ffd892e8000 	C:\Windows\SYSTEM32\CRYPTSP.dll
0x00007ffd88a70000 - 0x00007ffd88aa5000 	C:\Windows\system32\rsaenh.dll
0x00007ffd88fb0000 - 0x00007ffd88fd9000 	C:\Windows\SYSTEM32\USERENV.dll
0x00007ffd89410000 - 0x00007ffd89437000 	C:\Windows\SYSTEM32\bcrypt.dll
0x00007ffd89100000 - 0x00007ffd8910c000 	C:\Windows\SYSTEM32\CRYPTBASE.dll
0x00007ffd88650000 - 0x00007ffd8867d000 	C:\Windows\SYSTEM32\IPHLPAPI.DLL
0x00007ffd8b450000 - 0x00007ffd8b459000 	C:\Windows\System32\NSI.dll
0x00007ffd84d70000 - 0x00007ffd84d89000 	C:\Windows\SYSTEM32\dhcpcsvc6.DLL
0x00007ffd853b0000 - 0x00007ffd853ce000 	C:\Windows\SYSTEM32\dhcpcsvc.DLL
0x00007ffd88680000 - 0x00007ffd88765000 	C:\Windows\SYSTEM32\DNSAPI.dll
0x00007ffd82660000 - 0x00007ffd82669000 	C:\Program Files\Android\Android Studio1\jbr\bin\extnet.dll
0x00007ffd84ca0000 - 0x00007ffd84ca8000 	C:\Windows\system32\wshunix.dll

dbghelp: loaded successfully - version: 4.0.5 - missing functions: none
symbol engine: initialized successfully - sym options: 0x614 - pdb path: .;C:\Program Files\Android\Android Studio1\jbr\bin;C:\Windows\SYSTEM32;C:\Windows\WinSxS\amd64_microsoft.windows.common-controls_6595b64144ccf1df_6.0.21996.1_none_7d6b053978bcd706;C:\Program Files\Android\Android Studio1\jbr\bin\server;C:\Users\madan\.gradle\native\68d5fa5c4cc2d200863cafc0d521ce42e7d3e7ee720ec0a83991735586a16f82\windows-amd64;C:\Users\madan\.gradle\native\e376f236ea51e6404a007f0833ffe2c6e607c4080706a723a18a27aeea778392\windows-amd64

VM Arguments:
jvm_args: --add-opens=java.base/java.util=ALL-UNNAMED --add-opens=java.base/java.lang=ALL-UNNAMED --add-opens=java.base/java.lang.invoke=ALL-UNNAMED --add-opens=java.prefs/java.util.prefs=ALL-UNNAMED --add-opens=java.base/java.nio.charset=ALL-UNNAMED --add-opens=java.base/java.net=ALL-UNNAMED --add-opens=java.base/java.util.concurrent.atomic=ALL-UNNAMED -Xmx2048m -Dfile.encoding=UTF-8 -Duser.country=US -Duser.language=en -Duser.variant 
java_command: org.gradle.launcher.daemon.bootstrap.GradleDaemon 7.6.1
java_class_path (initial): C:\Users\madan\.gradle\wrapper\dists\gradle-7.6.1-bin\2clxi94ab3brv6467628wnxmd\gradle-7.6.1\lib\gradle-launcher-7.6.1.jar
Launcher Type: SUN_STANDARD

[Global flags]
     intx CICompilerCount                          = 3                                         {product} {ergonomic}
     uint ConcGCThreads                            = 2                                         {product} {ergonomic}
     uint G1ConcRefinementThreads                  = 6                                         {product} {ergonomic}
   size_t G1HeapRegionSize                         = 1048576                                   {product} {ergonomic}
    uintx GCDrainStackTargetSize                   = 64                                        {product} {ergonomic}
   size_t InitialHeapSize                          = 134217728                                 {product} {ergonomic}
   size_t MarkStackSize                            = 4194304                                   {product} {ergonomic}
   size_t MaxHeapSize                              = 2147483648                                {product} {command line}
   size_t MaxNewSize                               = 1287651328                                {product} {ergonomic}
   size_t MinHeapDeltaBytes                        = 1048576                                   {product} {ergonomic}
   size_t MinHeapSize                              = 8388608                                   {product} {ergonomic}
    uintx NonNMethodCodeHeapSize                   = 5832780                                {pd product} {ergonomic}
    uintx NonProfiledCodeHeapSize                  = 122912730                              {pd product} {ergonomic}
    uintx ProfiledCodeHeapSize                     = 122912730                              {pd product} {ergonomic}
    uintx ReservedCodeCacheSize                    = 251658240                              {pd product} {ergonomic}
     bool SegmentedCodeCache                       = true                                      {product} {ergonomic}
   size_t SoftMaxHeapSize                          = 2147483648                             {manageable} {ergonomic}
     bool UseCompressedClassPointers               = true                           {product lp64_product} {ergonomic}
     bool UseCompressedOops                        = true                           {product lp64_product} {ergonomic}
     bool UseG1GC                                  = true                                      {product} {ergonomic}
     bool UseLargePagesIndividualAllocation        = false                                  {pd product} {ergonomic}

Logging:
Log output configuration:
 #0: stdout all=warning uptime,level,tags
 #1: stderr all=off uptime,level,tags

Environment Variables:
PATH=C:\Python312\Scripts\;C:\Python312\;C:\Windows\system32;C:\Windows;C:\Windows\System32\Wbem;C:\Windows\System32\WindowsPowerShell\v1.0\;C:\Windows\System32\OpenSSH\;C:\Program Files\php-8.3.3;C:\Program Files\php-8.2.9;C:\ProgramData\ComposerSetup\bin;C:\Program Files\Git\cmd;C:\Program Files\nodejs\;C:\ProgramData\chocolatey\bin;C:\Users\madan\AppData\Local\Android\Sdk\platform-tools;C:\Users\madan\AppData\Local\Microsoft\WindowsApps;C:\Users\madan\AppData\Roaming\Composer\vendor\bin;C:\Users\madan\AppData\Local\Programs\Microsoft VS Code\bin;C:\Users\madan\AppData\Roaming\npm
USERNAME=madan
OS=Windows_NT
PROCESSOR_IDENTIFIER=Intel64 Family 6 Model 158 Stepping 10, GenuineIntel
TMP=C:\Users\madan\AppData\Local\Temp
TEMP=C:\Users\madan\AppData\Local\Temp



Periodic native trim disabled

JNI global refs:
JNI global refs: 23, weak refs: 16

JNI global refs memory usage: 843, weak refs: 841

OOME stack traces (most recent first):
Classloader memory used:
Loader org.gradle.internal.classloader.VisitableURLClassLoader                         : 2609K
Loader bootstrap                                                                       : 2075K
Loader org.gradle.initialization.MixInLegacyTypesClassLoader                           : 426K
Loader org.gradle.internal.classloader.VisitableURLClassLoader                         : 57228B
Loader jdk.internal.loader.ClassLoaders$PlatformClassLoader                            : 51239B
Loader jdk.internal.loader.ClassLoaders$AppClassLoader                                 : 26009B
Loader jdk.internal.reflect.DelegatingClassLoader                                      : 21924B

Classes loaded by more than one classloader:
Class org.gradle.api.GradleException                                                  : loaded 3 times (x 80B)
Class org.gradle.util.GradleVersion                                                   : loaded 2 times (x 81B)
Class org.gradle.internal.classpath.ClassPath                                         : loaded 2 times (x 68B)
Class org.gradle.api.internal.classpath.DefaultModuleRegistry                         : loaded 2 times (x 84B)
Class org.gradle.api.Action                                                           : loaded 2 times (x 68B)
Class org.gradle.api.internal.DefaultClassPathProvider                                : loaded 2 times (x 74B)
Class org.gradle.internal.installation.GradleInstallation$1                           : loaded 2 times (x 73B)
Class org.gradle.internal.exceptions.DefaultMultiCauseException                       : loaded 2 times (x 89B)
Class org.gradle.internal.time.MonotonicClock                                         : loaded 2 times (x 75B)
Class org.gradle.internal.classloader.FilteringClassLoader                            : loaded 2 times (x 103B)
Class org.gradle.internal.classpath.DefaultClassPath$ImmutableUniqueList$Builder      : loaded 2 times (x 73B)
Class org.gradle.internal.classloader.ClassLoaderVisitor                              : loaded 2 times (x 74B)
Class org.gradle.internal.time.DefaultCountdownTimer                                  : loaded 2 times (x 86B)
Class org.gradle.internal.service.DefaultServiceLocator                               : loaded 2 times (x 81B)
Class org.gradle.internal.service.UnknownServiceException                             : loaded 2 times (x 81B)
Class org.gradle.internal.classloader.DefaultClassLoaderFactory                       : loaded 2 times (x 80B)
Class org.gradle.internal.classloader.VisitableURLClassLoader$Spec                    : loaded 2 times (x 72B)
Class org.gradle.tooling.model.ProjectModel                                           : loaded 2 times (x 68B)
Class org.gradle.internal.installation.GradleInstallation                             : loaded 2 times (x 73B)
Class org.gradle.api.internal.classpath.ModuleRegistry                                : loaded 2 times (x 68B)
Class org.gradle.api.internal.ClassPathProvider                                       : loaded 2 times (x 68B)
Class org.gradle.internal.classloader.ClasspathUtil$1                                 : loaded 2 times (x 74B)
Class org.gradle.internal.classloader.ClassLoaderFactory                              : loaded 2 times (x 68B)
Class org.gradle.api.internal.classpath.ManifestUtil                                  : loaded 2 times (x 69B)
Class org.gradle.api.specs.Spec                                                       : loaded 2 times (x 68B)
Class org.gradle.internal.IoActions                                                   : loaded 2 times (x 69B)
Class org.gradle.api.internal.classpath.EffectiveClassPath                            : loaded 2 times (x 88B)
Class kotlin.jvm.internal.DefaultConstructorMarker                                    : loaded 2 times (x 69B)
Class org.gradle.internal.installation.CurrentGradleInstallation                      : loaded 2 times (x 71B)
Class org.gradle.internal.installation.CurrentGradleInstallationLocator               : loaded 2 times (x 69B)
Class org.gradle.api.internal.classpath.Module                                        : loaded 2 times (x 68B)
Class org.gradle.internal.service.CachingServiceLocator                               : loaded 2 times (x 80B)
Class org.gradle.internal.time.Timer                                                  : loaded 2 times (x 68B)
Class org.gradle.internal.classpath.DefaultClassPath                                  : loaded 2 times (x 88B)
Class org.gradle.api.Transformer                                                      : loaded 2 times (x 68B)
Class kotlin.jvm.functions.Function1                                                  : loaded 2 times (x 68B)
Class org.gradle.internal.time.Time                                                   : loaded 2 times (x 69B)
Class org.gradle.internal.time.TimeSource$1                                           : loaded 2 times (x 75B)
Class org.gradle.internal.classloader.SystemClassLoaderSpec                           : loaded 2 times (x 69B)
Class kotlin.Function                                                                 : loaded 2 times (x 68B)
Class org.gradle.api.UncheckedIOException                                             : loaded 2 times (x 80B)
Class org.gradle.internal.time.CountdownTimer                                         : loaded 2 times (x 68B)
Class org.gradle.internal.time.Clock                                                  : loaded 2 times (x 68B)
Class org.gradle.internal.classloader.ClasspathUtil                                   : loaded 2 times (x 69B)
Class org.gradle.api.internal.DefaultClassPathRegistry                                : loaded 2 times (x 74B)
Class org.gradle.api.internal.classpath.DefaultModuleRegistry$DefaultModule           : loaded 2 times (x 84B)
Class org.gradle.internal.time.TimeSource                                             : loaded 2 times (x 68B)
Class org.gradle.api.internal.classpath.UnknownModuleException                        : loaded 2 times (x 80B)
Class org.gradle.internal.service.ServiceLookupException                              : loaded 2 times (x 80B)
Class org.gradle.cache.GlobalCache                                                    : loaded 2 times (x 68B)
Class [Lorg.gradle.api.internal.ClassPathProvider;                                    : loaded 2 times (x 67B)
Class org.gradle.internal.operations.MultipleBuildOperationFailures                   : loaded 2 times (x 89B)
Class org.gradle.util.internal.GUtil                                                  : loaded 2 times (x 69B)
Class org.gradle.internal.classloader.ClassLoaderSpec                                 : loaded 2 times (x 69B)
Class org.gradle.internal.classloader.VisitableURLClassLoader                         : loaded 2 times (x 115B)
Class org.gradle.internal.Cast                                                        : loaded 2 times (x 69B)
Class org.gradle.api.internal.ClassPathRegistry                                       : loaded 2 times (x 68B)
Class org.gradle.internal.classloader.ClassLoaderHierarchy                            : loaded 2 times (x 68B)
Class org.gradle.internal.exceptions.MultiCauseException                              : loaded 2 times (x 68B)
Class org.gradle.internal.service.ServiceLocator                                      : loaded 2 times (x 68B)
Class org.gradle.internal.classpath.DefaultClassPath$ImmutableUniqueList              : loaded 2 times (x 159B)
Class org.gradle.internal.time.DefaultTimer                                           : loaded 2 times (x 78B)


---------------  S Y S T E M  ---------------

OS:
 Windows 10 , 64 bit Build 21996 (10.0.21996.1)
OS uptime: 0 days 2:17 hours
Hyper-V role detected

CPU: total 6 (initial active 6) (6 cores per cpu, 1 threads per core) family 6 model 158 stepping 10 microcode 0xde, cx8, cmov, fxsr, mmx, 3dnowpref, sse, sse2, sse3, ssse3, sse4.1, sse4.2, popcnt, lzcnt, tsc, tscinvbit, avx, avx2, erms, clmul, bmi1, bmi2, adx, fma, vzeroupper, clflush, clflushopt, hv
Processor Information for all 6 processors :
  Max Mhz: 2808, Current Mhz: 2808, Mhz Limit: 2808

Memory: 4k page, system-wide physical 8071M (262M free)
TotalPageFile size 19321M (AvailPageFile size 6M)
current process WorkingSet (physical memory assigned to process): 223M, peak: 225M
current process commit charge ("private bytes"): 255M, peak: 258M

vm_info: OpenJDK 64-Bit Server VM (17.0.10+0--11572160) for windows-amd64 JRE (17.0.10+0--11572160), built on Mar 13 2024 23:56:38 by "androidbuild" with MS VC++ 16.10 / 16.11 (VS2019)

END.
